<?xml version="1.0" encoding="UTF-8"?>
<!-- Generated by org.testng.reporters.JUnitXMLReporter -->
<testsuite ignored="0" hostname="LTIN204528" failures="0" tests="13" name="Default test" time="159.925" errors="0" timestamp="2024-01-16T20:48:49 IST">
  <testcase classname="testCases.TC001_BeCognizant" name="beCognizantTextValidation" time="1.186"/>
  <testcase classname="testCases.TC001_BeCognizant" name="profileValidation" time="5.936"/>
  <testcase classname="testCases.TC001_BeCognizant" name="oneCognizantTextValidation" time="0.119"/>
  <testcase classname="testCases.TC001_BeCognizant" name="navigateOneCognizant" time="10.604"/>
  <testcase classname="testCases.TC002_OneCognizant" name="searchGsd" time="4.184"/>
  <testcase classname="testCases.TC002_OneCognizant" name="clickOnGSD" time="35.857"/>
  <testcase classname="testCases.TC003_GSDPage" name="verifyMessage" time="0.166"/>
  <testcase classname="testCases.TC003_GSDPage" name="verifyDefaultLanguage" time="0.07"/>
  <testcase classname="testCases.TC003_GSDPage" name="verifyDefaultCountry" time="0.074"/>
  <testcase classname="testCases.TC003_GSDPage" name="verifyAvailableLanguages" time="4.251"/>
  <testcase classname="testCases.TC003_GSDPage" name="verifyAvailableCountries" time="17.792"/>
  <testcase classname="testCases.TC003_GSDPage" name="indiaTickets" time="9.411"/>
  <testcase classname="testCases.TC003_GSDPage" name="randomCountry1" time="43.795"/>
</testsuite> <!-- Default test -->
