<?xml version="1.0" encoding="UTF-8"?>
<!-- Generated by org.testng.reporters.JUnitXMLReporter -->
<testsuite ignored="0" hostname="LTIN204528" failures="0" tests="6" name="Test1" time="50.731" errors="0" timestamp="2024-01-12T09:30:39 IST">
  <testcase classname="testCases.TC001_BeCognizant" name="beCognizantTextValidation" time="25.666"/>
  <testcase classname="testCases.TC001_BeCognizant" name="oneCognizantTextValidation" time="0.063"/>
  <testcase classname="testCases.TC001_BeCognizant" name="profileValidation" time="2.945"/>
  <testcase classname="testCases.TC001_BeCognizant" name="navigateOneCognizant" time="8.716"/>
  <testcase classname="testCases.TC002_OneCognizant" name="searchGsd" time="3.306"/>
  <testcase classname="testCases.TC002_OneCognizant" name="clickOnGSD" time="0.133"/>
</testsuite> <!-- Test1 -->
