<?xml version="1.0" encoding="UTF-8"?>
<!-- Generated by org.testng.reporters.JUnitXMLReporter -->
<testsuite ignored="0" hostname="LTIN204528" failures="0" tests="13" name="Test" time="124.626" errors="0" timestamp="2024-01-16T22:03:06 IST">
  <testcase classname="testCases.TC001_BeCognizant" name="beCognizantTextValidation" time="1.606"/>
  <testcase classname="testCases.TC001_BeCognizant" name="profileValidation" time="4.26"/>
  <testcase classname="testCases.TC001_BeCognizant" name="oneCognizantTextValidation" time="0.103"/>
  <testcase classname="testCases.TC001_BeCognizant" name="navigateOneCognizant" time="10.479"/>
  <testcase classname="testCases.TC002_OneCognizant" name="searchGsd" time="3.494"/>
  <testcase classname="testCases.TC002_OneCognizant" name="clickOnGSD" time="35.488"/>
  <testcase classname="testCases.TC003_GSDPage" name="verifyMessage" time="0.097"/>
  <testcase classname="testCases.TC003_GSDPage" name="verifyDefaultLanguage" time="0.039"/>
  <testcase classname="testCases.TC003_GSDPage" name="verifyDefaultCountry" time="0.043"/>
  <testcase classname="testCases.TC003_GSDPage" name="verifyAvailableLanguages" time="2.865"/>
  <testcase classname="testCases.TC003_GSDPage" name="verifyAvailableCountries" time="11.61"/>
  <testcase classname="testCases.TC003_GSDPage" name="indiaTickets" time="6.042"/>
  <testcase classname="testCases.TC003_GSDPage" name="randomCountry1" time="29.999"/>
</testsuite> <!-- Test -->
