<?xml version="1.0" encoding="UTF-8"?>
<testng-results ignored="0" total="2" passed="2" failed="0" skipped="0">
  <reporter-output>
  </reporter-output>
  <suite started-at="2024-01-10T20:53:53 IST" name="Suite" finished-at="2024-01-10T20:54:22 IST" duration-ms="28937">
    <groups>
    </groups>
    <test started-at="2024-01-10T20:53:53 IST" name="Test1" finished-at="2024-01-10T20:54:22 IST" duration-ms="28937">
      <class name="testCases.TC002_OneCognizant">
        <test-method is-config="true" signature="setup()[pri:0, instance:testCases.TC002_OneCognizant@543295b0]" started-at="2024-01-10T20:53:53 IST" name="setup" finished-at="2024-01-10T20:54:06 IST" duration-ms="12525" status="PASS">
          <reporter-output>
          </reporter-output>
        </test-method> <!-- setup -->
        <test-method signature="beCognizantValidation()[pri:1, instance:testCases.TC002_OneCognizant@543295b0]" started-at="2024-01-10T20:54:06 IST" name="beCognizantValidation" finished-at="2024-01-10T20:54:18 IST" duration-ms="11793" status="PASS">
          <reporter-output>
          </reporter-output>
        </test-method> <!-- beCognizantValidation -->
        <test-method signature="oneCognizantValidation()[pri:2, instance:testCases.TC002_OneCognizant@543295b0]" started-at="2024-01-10T20:54:18 IST" name="oneCognizantValidation" finished-at="2024-01-10T20:54:21 IST" duration-ms="3278" status="PASS">
          <reporter-output>
          </reporter-output>
        </test-method> <!-- oneCognizantValidation -->
        <test-method is-config="true" signature="tearDown()[pri:0, instance:testCases.TC002_OneCognizant@543295b0]" started-at="2024-01-10T20:54:21 IST" name="tearDown" finished-at="2024-01-10T20:54:22 IST" duration-ms="1205" status="PASS">
          <reporter-output>
          </reporter-output>
        </test-method> <!-- tearDown -->
      </class> <!-- testCases.TC002_OneCognizant -->
    </test> <!-- Test1 -->
  </suite> <!-- Suite -->
</testng-results>
